<?xml version="1.0" encoding="UTF-8"?>
<testng-results skipped="0" failed="0" ignored="0" total="1" passed="1">
  <reporter-output>
  </reporter-output>
  <suite name="MavenSuite" duration-ms="15236" started-at="2020-01-29T15:03:37Z" finished-at="2020-01-29T15:03:52Z">
    <groups>
    </groups>
    <test name="MavenTest" duration-ms="15236" started-at="2020-01-29T15:03:37Z" finished-at="2020-01-29T15:03:52Z">
      <class name="com.MavenPractice.MavenPractice.TestRun">
        <test-method status="PASS" signature="TestApplication()[pri:0, instance:com.MavenPractice.MavenPractice.TestRun@6eebc39e]" name="TestApplication" duration-ms="15192" started-at="2020-01-29T15:03:37Z" finished-at="2020-01-29T15:03:52Z">
          <reporter-output>
          </reporter-output>
        </test-method> <!-- TestApplication -->
      </class> <!-- com.MavenPractice.MavenPractice.TestRun -->
    </test> <!-- MavenTest -->
  </suite> <!-- MavenSuite -->
</testng-results>
